actionid: source
msg: getenv
cmdargs: [local('/home/jenkins/Desktop/workshop_jenkins/.tox/source/bin/pip'), 'install', 'pep257', 'flake8', 'dodgy']
env: {'HOME': '/home/jenkins', 'GPG_AGENT_INFO': '/run/user/1000/keyring-wDdDEg/gpg:0:1', 'SELINUX_INIT': 'YES', 'LANG': 'en_US.UTF-8', 'XDG_CURRENT_DESKTOP': 'Unity', 'SESSION_MANAGER': 'local/ubuntu:@/tmp/.ICE-unix/1899,unix/ubuntu:/tmp/.ICE-unix/1899', 'VIRTUAL_ENV': '/home/jenkins/Desktop/workshop_jenkins/.tox/source', 'WINDOWID': '25165835', 'USER': 'jenkins', 'DBUS_SESSION_BUS_ADDRESS': 'unix:abstract=/tmp/dbus-aosqwHJSaq', 'VTE_VERSION': '3409', 'XDG_CONFIG_DIRS': '/etc/xdg/xdg-ubuntu:/usr/share/upstart/xdg:/etc/xdg', 'SSH_AUTH_SOCK': '/tmp/ssh-72TYGHzYQY8q/agent.8815', 'PWD': '/home/jenkins/Desktop/workshop_jenkins', 'XMODIFIERS': '@im=ibus', 'SHELL': '/bin/bash', 'TERM': 'xterm', '_': '/usr/local/bin/tox', 'GNOME_DESKTOP_SESSION_ID': 'this-is-deprecated', 'SESSIONTYPE': 'gnome-session', 'IM_CONFIG_PHASE': '1', 'XDG_DATA_DIRS': '/usr/share/ubuntu:/usr/share/gnome:/usr/local/share/:/usr/share/', 'GNOME_KEYRING_PID': '1735', 'UPSTART_SESSION': 'unix:abstract=/com/ubuntu/upstart-session/1000/1737', 'XDG_VTNR': '7', 'LC_ADDRESS': 'de_DE.UTF-8', 'DISPLAY': ':0', 'LESSOPEN': '| /usr/bin/lesspipe %s', 'LANGUAGE': 'en', 'LC_PAPER': 'de_DE.UTF-8', 'SHLVL': '1', 'COLORTERM': 'gnome-terminal', 'DEFAULTS_PATH': '/usr/share/gconf/ubuntu.default.path', 'SESSION': 'ubuntu', 'GTK_MODULES': 'overlay-scrollbar:unity-gtk-module', 'GDMSESSION': 'ubuntu', 'INSTANCE': '', 'MANDATORY_PATH': '/usr/share/gconf/ubuntu.mandatory.path', 'XDG_SESSION_PATH': '/org/freedesktop/DisplayManager/Session0', 'CLUTTER_IM_MODULE': 'xim', 'QT_QPA_PLATFORMTHEME': 'appmenu-qt5', 'TEXTDOMAINDIR': '/usr/share/locale/', 'XDG_MENU_PREFIX': 'gnome-', 'LC_NUMERIC': 'de_DE.UTF-8', 'QT_IM_MODULE': 'ibus', 'LC_MEASUREMENT': 'de_DE.UTF-8', 'COMPIZ_BIN_PATH': '/usr/bin/', 'LC_TELEPHONE': 'de_DE.UTF-8', 'LOGNAME': 'jenkins', 'QT4_IM_MODULE': 'xim', 'PAPERSIZE': 'a4', 'XDG_SEAT': 'seat0', 'LESSCLOSE': '/usr/bin/lesspipe %s %s', 'COMPIZ_CONFIG_PROFILE': 'ubuntu', 'LC_NAME': 'de_DE.UTF-8', 'LS_COLORS': 'rs=0:di=01;34:ln=01;36:mh=00:pi=40;33:so=01;35:do=01;35:bd=40;33;01:cd=40;33;01:or=40;31;01:su=37;41:sg=30;43:ca=30;41:tw=30;42:ow=34;42:st=37;44:ex=01;32:*.tar=01;31:*.tgz=01;31:*.arj=01;31:*.taz=01;31:*.lzh=01;31:*.lzma=01;31:*.tlz=01;31:*.txz=01;31:*.zip=01;31:*.z=01;31:*.Z=01;31:*.dz=01;31:*.gz=01;31:*.lz=01;31:*.xz=01;31:*.bz2=01;31:*.bz=01;31:*.tbz=01;31:*.tbz2=01;31:*.tz=01;31:*.deb=01;31:*.rpm=01;31:*.jar=01;31:*.war=01;31:*.ear=01;31:*.sar=01;31:*.rar=01;31:*.ace=01;31:*.zoo=01;31:*.cpio=01;31:*.7z=01;31:*.rz=01;31:*.jpg=01;35:*.jpeg=01;35:*.gif=01;35:*.bmp=01;35:*.pbm=01;35:*.pgm=01;35:*.ppm=01;35:*.tga=01;35:*.xbm=01;35:*.xpm=01;35:*.tif=01;35:*.tiff=01;35:*.png=01;35:*.svg=01;35:*.svgz=01;35:*.mng=01;35:*.pcx=01;35:*.mov=01;35:*.mpg=01;35:*.mpeg=01;35:*.m2v=01;35:*.mkv=01;35:*.webm=01;35:*.ogm=01;35:*.mp4=01;35:*.m4v=01;35:*.mp4v=01;35:*.vob=01;35:*.qt=01;35:*.nuv=01;35:*.wmv=01;35:*.asf=01;35:*.rm=01;35:*.rmvb=01;35:*.flc=01;35:*.avi=01;35:*.fli=01;35:*.flv=01;35:*.gl=01;35:*.dl=01;35:*.xcf=01;35:*.xwd=01;35:*.yuv=01;35:*.cgm=01;35:*.emf=01;35:*.axv=01;35:*.anx=01;35:*.ogv=01;35:*.ogx=01;35:*.aac=00;36:*.au=00;36:*.flac=00;36:*.mid=00;36:*.midi=00;36:*.mka=00;36:*.mp3=00;36:*.mpc=00;36:*.ogg=00;36:*.ra=00;36:*.wav=00;36:*.axa=00;36:*.oga=00;36:*.spx=00;36:*.xspf=00;36:', 'LC_IDENTIFICATION': 'de_DE.UTF-8', 'OLDPWD': '/home/jenkins/Desktop', 'XDG_SEAT_PATH': '/org/freedesktop/DisplayManager/Seat0', 'PATH': '/home/jenkins/Desktop/workshop_jenkins/.tox/source/bin:/usr/local/sbin:/usr/local/bin:/usr/sbin:/usr/bin:/sbin:/bin:/usr/games:/usr/local/games', 'XDG_SESSION_ID': 'c2', 'SSH_AGENT_PID': '8816', 'DESKTOP_SESSION': 'ubuntu', 'JOB': 'dbus', 'GTK_IM_MODULE': 'ibus', 'PYTHONHASHSEED': '1506507845', 'GDM_LANG': 'en', 'TEXTDOMAIN': 'im-config', 'XDG_GREETER_DATA_DIR': '/var/lib/lightdm-data/jenkins', 'GNOME_KEYRING_CONTROL': '/run/user/1000/keyring-wDdDEg', 'LC_MONETARY': 'de_DE.UTF-8', 'XAUTHORITY': '/home/jenkins/.Xauthority', 'LC_TIME': 'de_DE.UTF-8', 'XDG_RUNTIME_DIR': '/run/user/1000'}

Collecting pep257
  Downloading pep257-0.7.0-py2.py3-none-any.whl
Collecting flake8
  Downloading flake8-2.5.1-py2.py3-none-any.whl
Collecting dodgy
  Downloading dodgy-0.1.9.tar.gz
Collecting mccabe<0.4,>=0.2.1 (from flake8)
  Downloading mccabe-0.3.1-py2.py3-none-any.whl
Collecting pep8!=1.6.0,!=1.6.1,!=1.6.2,>=1.5.7 (from flake8)
  Downloading pep8-1.7.0-py2.py3-none-any.whl (41kB)
Collecting pyflakes<1.1,>=0.8.1 (from flake8)
  Downloading pyflakes-1.0.0-py2.py3-none-any.whl (152kB)
Building wheels for collected packages: dodgy
  Running setup.py bdist_wheel for dodgy: started
[?25l  Running setup.py bdist_wheel for dodgy: finished with status 'done'
[?25h  Stored in directory: /home/jenkins/.cache/pip/wheels/2d/ef/3d/77404c40cd33db0718df300bfcaecdb691aa99c27f60664c3c
Successfully built dodgy
Installing collected packages: pep257, mccabe, pep8, pyflakes, flake8, dodgy
Successfully installed dodgy-0.1.9 flake8-2.5.1 mccabe-0.3.1 pep257-0.7.0 pep8-1.7.0 pyflakes-1.0.0
